build/app/intermediates/manifest_merge_blame_file/release/manifest-merger-blame-release-report.txt
1<?xml version="1.0" encoding="utf-8"?>
2<manifest xmlns:android="http://schemas.android.com/apk/res/android"
3    package="com.example.ziklogistics"
4    android:versionCode="1"
5    android:versionName="1.0.0" >
6
7    <uses-sdk
8        android:minSdkVersion="21"
8-->src\main\AndroidManifest.xml
9        android:targetSdkVersion="33" />
9-->src\main\AndroidManifest.xml
10
11    <uses-permission android:name="android.permission.FOREGROUND_SERVICE" />
11-->[:geolocator_android] AndroidManifest.xml:9:5-77
11-->[:geolocator_android] AndroidManifest.xml:9:22-74
12    <uses-permission android:name="android.permission.POST_NOTIFICATIONS" />
12-->[:awesome_notifications] AndroidManifest.xml:9:5-77
12-->[:awesome_notifications] AndroidManifest.xml:9:22-74
13    <uses-permission android:name="android.permission.BROADCAST_CLOSE_SYSTEM_DIALOGS" />
13-->[:awesome_notifications] AndroidManifest.xml:10:5-89
13-->[:awesome_notifications] AndroidManifest.xml:10:22-86
14    <uses-permission android:name="android.permission.RECEIVE_BOOT_COMPLETED" />
14-->[:awesome_notifications] AndroidManifest.xml:11:5-81
14-->[:awesome_notifications] AndroidManifest.xml:11:22-78
15    <uses-permission android:name="android.permission.VIBRATE" /> <!-- Include required permissions for Google Maps API to run. -->
15-->[:awesome_notifications] AndroidManifest.xml:12:5-66
15-->[:awesome_notifications] AndroidManifest.xml:12:22-63
16    <uses-permission android:name="android.permission.ACCESS_NETWORK_STATE" />
16-->[com.google.android.gms:play-services-maps:18.1.0] AndroidManifest.xml:23:5-79
16-->[com.google.android.gms:play-services-maps:18.1.0] AndroidManifest.xml:23:22-76
17    <uses-permission android:name="android.permission.INTERNET" />
17-->[com.google.android.gms:play-services-maps:18.1.0] AndroidManifest.xml:24:5-67
17-->[com.google.android.gms:play-services-maps:18.1.0] AndroidManifest.xml:24:22-64
18
19    <uses-feature
19-->[com.google.android.gms:play-services-maps:18.1.0] AndroidManifest.xml:26:5-28:35
20        android:glEsVersion="0x00020000"
20-->[com.google.android.gms:play-services-maps:18.1.0] AndroidManifest.xml:27:9-41
21        android:required="true" />
21-->[com.google.android.gms:play-services-maps:18.1.0] AndroidManifest.xml:28:9-32
22
23    <queries>
23-->[com.google.android.gms:play-services-maps:18.1.0] AndroidManifest.xml:30:5-34:15
24
25        <!-- Needs to be explicitly declared on Android R+ -->
26        <package android:name="com.google.android.apps.maps" />
26-->[com.google.android.gms:play-services-maps:18.1.0] AndroidManifest.xml:33:9-64
26-->[com.google.android.gms:play-services-maps:18.1.0] AndroidManifest.xml:33:18-61
27    </queries>
28
29    <permission
29-->[androidx.core:core:1.9.0] AndroidManifest.xml:22:5-24:47
30        android:name="com.example.ziklogistics.DYNAMIC_RECEIVER_NOT_EXPORTED_PERMISSION"
30-->[androidx.core:core:1.9.0] AndroidManifest.xml:23:9-81
31        android:protectionLevel="signature" />
31-->[androidx.core:core:1.9.0] AndroidManifest.xml:24:9-44
32
33    <uses-permission android:name="com.example.ziklogistics.DYNAMIC_RECEIVER_NOT_EXPORTED_PERMISSION" /> <!-- for android -->
33-->[androidx.core:core:1.9.0] AndroidManifest.xml:26:5-97
33-->[androidx.core:core:1.9.0] AndroidManifest.xml:26:22-94
34    <!-- <uses-permission android:name="com.android.launcher.permission.READ_SETTINGS"/> -->
35    <!-- <uses-permission android:name="com.android.launcher.permission.WRITE_SETTINGS"/> -->
36    <!-- <uses-permission android:name="com.android.launcher.permission.INSTALL_SHORTCUT" /> -->
37    <!-- <uses-permission android:name="com.android.launcher.permission.UNINSTALL_SHORTCUT" /> -->
38    <!-- for Samsung -->
39    <uses-permission android:name="com.sec.android.provider.badge.permission.READ" />
39-->[me.leolin:ShortcutBadger:1.1.22] AndroidManifest.xml:19:5-86
39-->[me.leolin:ShortcutBadger:1.1.22] AndroidManifest.xml:19:22-83
40    <uses-permission android:name="com.sec.android.provider.badge.permission.WRITE" /> <!-- for htc -->
40-->[me.leolin:ShortcutBadger:1.1.22] AndroidManifest.xml:20:5-87
40-->[me.leolin:ShortcutBadger:1.1.22] AndroidManifest.xml:20:22-84
41    <uses-permission android:name="com.htc.launcher.permission.READ_SETTINGS" />
41-->[me.leolin:ShortcutBadger:1.1.22] AndroidManifest.xml:23:5-81
41-->[me.leolin:ShortcutBadger:1.1.22] AndroidManifest.xml:23:22-78
42    <uses-permission android:name="com.htc.launcher.permission.UPDATE_SHORTCUT" /> <!-- for sony -->
42-->[me.leolin:ShortcutBadger:1.1.22] AndroidManifest.xml:24:5-83
42-->[me.leolin:ShortcutBadger:1.1.22] AndroidManifest.xml:24:22-80
43    <uses-permission android:name="com.sonyericsson.home.permission.BROADCAST_BADGE" />
43-->[me.leolin:ShortcutBadger:1.1.22] AndroidManifest.xml:27:5-88
43-->[me.leolin:ShortcutBadger:1.1.22] AndroidManifest.xml:27:22-85
44    <uses-permission android:name="com.sonymobile.home.permission.PROVIDER_INSERT_BADGE" /> <!-- for apex -->
44-->[me.leolin:ShortcutBadger:1.1.22] AndroidManifest.xml:28:5-92
44-->[me.leolin:ShortcutBadger:1.1.22] AndroidManifest.xml:28:22-89
45    <uses-permission android:name="com.anddoes.launcher.permission.UPDATE_COUNT" /> <!-- for solid -->
45-->[me.leolin:ShortcutBadger:1.1.22] AndroidManifest.xml:31:5-84
45-->[me.leolin:ShortcutBadger:1.1.22] AndroidManifest.xml:31:22-81
46    <uses-permission android:name="com.majeur.launcher.permission.UPDATE_BADGE" /> <!-- for huawei -->
46-->[me.leolin:ShortcutBadger:1.1.22] AndroidManifest.xml:34:5-83
46-->[me.leolin:ShortcutBadger:1.1.22] AndroidManifest.xml:34:22-80
47    <uses-permission android:name="com.huawei.android.launcher.permission.CHANGE_BADGE" />
47-->[me.leolin:ShortcutBadger:1.1.22] AndroidManifest.xml:37:5-91
47-->[me.leolin:ShortcutBadger:1.1.22] AndroidManifest.xml:37:22-88
48    <uses-permission android:name="com.huawei.android.launcher.permission.READ_SETTINGS" />
48-->[me.leolin:ShortcutBadger:1.1.22] AndroidManifest.xml:38:5-92
48-->[me.leolin:ShortcutBadger:1.1.22] AndroidManifest.xml:38:22-89
49    <uses-permission android:name="com.huawei.android.launcher.permission.WRITE_SETTINGS" /> <!-- for ZUK -->
49-->[me.leolin:ShortcutBadger:1.1.22] AndroidManifest.xml:39:5-93
49-->[me.leolin:ShortcutBadger:1.1.22] AndroidManifest.xml:39:22-90
50    <uses-permission android:name="android.permission.READ_APP_BADGE" /> <!-- for OPPO -->
50-->[me.leolin:ShortcutBadger:1.1.22] AndroidManifest.xml:42:5-73
50-->[me.leolin:ShortcutBadger:1.1.22] AndroidManifest.xml:42:22-70
51    <uses-permission android:name="com.oppo.launcher.permission.READ_SETTINGS" />
51-->[me.leolin:ShortcutBadger:1.1.22] AndroidManifest.xml:45:5-82
51-->[me.leolin:ShortcutBadger:1.1.22] AndroidManifest.xml:45:22-79
52    <uses-permission android:name="com.oppo.launcher.permission.WRITE_SETTINGS" /> <!-- for EvMe -->
52-->[me.leolin:ShortcutBadger:1.1.22] AndroidManifest.xml:46:5-83
52-->[me.leolin:ShortcutBadger:1.1.22] AndroidManifest.xml:46:22-80
53    <uses-permission android:name="me.everything.badger.permission.BADGE_COUNT_READ" />
53-->[me.leolin:ShortcutBadger:1.1.22] AndroidManifest.xml:49:5-88
53-->[me.leolin:ShortcutBadger:1.1.22] AndroidManifest.xml:49:22-85
54    <uses-permission android:name="me.everything.badger.permission.BADGE_COUNT_WRITE" />
54-->[me.leolin:ShortcutBadger:1.1.22] AndroidManifest.xml:50:5-89
54-->[me.leolin:ShortcutBadger:1.1.22] AndroidManifest.xml:50:22-86
55
56    <application
57        android:name="android.app.Application"
57-->src\main\AndroidManifest.xml:5:9-42
58        android:appComponentFactory="androidx.core.app.CoreComponentFactory"
58-->[androidx.core:core:1.9.0] AndroidManifest.xml:28:18-86
59        android:icon="@mipmap/ic_launcher"
59-->src\main\AndroidManifest.xml:6:9-43
60        android:label="ziklogistics" >
60-->src\main\AndroidManifest.xml:4:9-37
61        <activity
61-->src\main\AndroidManifest.xml:7:9-27:20
62            android:name="com.fasta.ziklogistics.MainActivity"
62-->src\main\AndroidManifest.xml:8:13-41
63            android:configChanges="orientation|keyboardHidden|keyboard|screenSize|smallestScreenSize|locale|layoutDirection|fontScale|screenLayout|density|uiMode"
63-->src\main\AndroidManifest.xml:12:13-163
64            android:exported="true"
64-->src\main\AndroidManifest.xml:9:13-36
65            android:hardwareAccelerated="true"
65-->src\main\AndroidManifest.xml:13:13-47
66            android:launchMode="singleTop"
66-->src\main\AndroidManifest.xml:10:13-43
67            android:theme="@style/LaunchTheme"
67-->src\main\AndroidManifest.xml:11:13-47
68            android:windowSoftInputMode="adjustResize" >
68-->src\main\AndroidManifest.xml:14:13-55
69
70            <!--
71                 Specifies an Android theme to apply to this Activity as soon as
72                 the Android process has started. This theme is visible to the user
73                 while the Flutter UI initializes. After that, this theme continues
74                 to determine the Window background behind the Flutter UI.
75            -->
76            <meta-data
76-->src\main\AndroidManifest.xml:19:13-22:17
77                android:name="io.flutter.embedding.android.NormalTheme"
77-->src\main\AndroidManifest.xml:20:15-70
78                android:resource="@style/NormalTheme" />
78-->src\main\AndroidManifest.xml:21:15-52
79
80            <intent-filter>
80-->src\main\AndroidManifest.xml:23:13-26:29
81                <action android:name="android.intent.action.MAIN" />
81-->src\main\AndroidManifest.xml:24:17-68
81-->src\main\AndroidManifest.xml:24:25-66
82
83                <category android:name="android.intent.category.LAUNCHER" />
83-->src\main\AndroidManifest.xml:25:17-76
83-->src\main\AndroidManifest.xml:25:27-74
84            </intent-filter>
85        </activity>
86        <!--
87             Don't delete the meta-data below.
88             This is used by the Flutter tool to generate GeneratedPluginRegistrant.java
89        -->
90        <meta-data
90-->src\main\AndroidManifest.xml:30:9-32:33
91            android:name="flutterEmbedding"
91-->src\main\AndroidManifest.xml:31:13-44
92            android:value="2" />
92-->src\main\AndroidManifest.xml:32:13-30
93        <meta-data
93-->src\main\AndroidManifest.xml:33:14-34:73
94            android:name="com.google.android.geo.API_KEY"
94-->src\main\AndroidManifest.xml:33:25-70
95            android:value="AIzaSyD_voMGhyyWw5v56_3EzE6IQPtNnor1rDs" />
95-->src\main\AndroidManifest.xml:34:16-71
96
97        <activity
97-->[:flutter_paystack] AndroidManifest.xml:10:9-12:54
98            android:name="co.paystack.flutterpaystack.AuthActivity"
98-->[:flutter_paystack] AndroidManifest.xml:11:13-68
99            android:theme="@style/Paystack.Dialog" />
99-->[:flutter_paystack] AndroidManifest.xml:12:13-51
100
101        <service
101-->[:geolocator_android] AndroidManifest.xml:12:9-16:56
102            android:name="com.baseflow.geolocator.GeolocatorLocationService"
102-->[:geolocator_android] AndroidManifest.xml:13:13-77
103            android:enabled="true"
103-->[:geolocator_android] AndroidManifest.xml:14:13-35
104            android:exported="false"
104-->[:geolocator_android] AndroidManifest.xml:15:13-37
105            android:foregroundServiceType="location" />
105-->[:geolocator_android] AndroidManifest.xml:16:13-53
106
107        <provider
107-->[:image_picker_android] AndroidManifest.xml:10:9-18:20
108            android:name="io.flutter.plugins.imagepicker.ImagePickerFileProvider"
108-->[:image_picker_android] AndroidManifest.xml:11:13-82
109            android:authorities="com.example.ziklogistics.flutter.image_provider"
109-->[:image_picker_android] AndroidManifest.xml:12:13-74
110            android:exported="false"
110-->[:image_picker_android] AndroidManifest.xml:13:13-37
111            android:grantUriPermissions="true" >
111-->[:image_picker_android] AndroidManifest.xml:14:13-47
112            <meta-data
112-->[:image_picker_android] AndroidManifest.xml:15:13-17:75
113                android:name="android.support.FILE_PROVIDER_PATHS"
113-->[:image_picker_android] AndroidManifest.xml:16:17-67
114                android:resource="@xml/flutter_image_picker_file_paths" />
114-->[:image_picker_android] AndroidManifest.xml:17:17-72
115        </provider>
116
117        <receiver
117-->[:awesome_notifications] AndroidManifest.xml:15:9-17:39
118            android:name="me.carda.awesome_notifications.DartNotificationActionReceiver"
118-->[:awesome_notifications] AndroidManifest.xml:16:13-89
119            android:exported="true" />
119-->[:awesome_notifications] AndroidManifest.xml:17:13-36
120        <receiver
120-->[:awesome_notifications] AndroidManifest.xml:18:9-20:39
121            android:name="me.carda.awesome_notifications.DartDismissedNotificationReceiver"
121-->[:awesome_notifications] AndroidManifest.xml:19:13-92
122            android:exported="true" />
122-->[:awesome_notifications] AndroidManifest.xml:20:13-36
123        <receiver
123-->[:awesome_notifications] AndroidManifest.xml:21:9-23:39
124            android:name="me.carda.awesome_notifications.DartScheduledNotificationReceiver"
124-->[:awesome_notifications] AndroidManifest.xml:22:13-92
125            android:exported="true" />
125-->[:awesome_notifications] AndroidManifest.xml:23:13-36
126        <receiver
126-->[:awesome_notifications] AndroidManifest.xml:24:9-38:20
127            android:name="me.carda.awesome_notifications.DartRefreshSchedulesReceiver"
127-->[:awesome_notifications] AndroidManifest.xml:25:13-87
128            android:enabled="true"
128-->[:awesome_notifications] AndroidManifest.xml:26:13-35
129            android:exported="true" >
129-->[:awesome_notifications] AndroidManifest.xml:27:13-36
130            <intent-filter>
130-->[:awesome_notifications] AndroidManifest.xml:28:13-37:29
131                <category android:name="android.intent.category.DEFAULT" />
131-->[:awesome_notifications] AndroidManifest.xml:29:17-76
131-->[:awesome_notifications] AndroidManifest.xml:29:27-73
132
133                <action android:name="android.intent.action.BOOT_COMPLETED" />
133-->[:awesome_notifications] AndroidManifest.xml:31:17-79
133-->[:awesome_notifications] AndroidManifest.xml:31:25-76
134                <action android:name="android.intent.action.LOCKED_BOOT_COMPLETED" />
134-->[:awesome_notifications] AndroidManifest.xml:32:17-86
134-->[:awesome_notifications] AndroidManifest.xml:32:25-83
135                <action android:name="android.intent.action.MY_PACKAGE_REPLACED" />
135-->[:awesome_notifications] AndroidManifest.xml:33:17-84
135-->[:awesome_notifications] AndroidManifest.xml:33:25-81
136                <action android:name="android.intent.action.QUICKBOOT_POWERON" />
136-->[:awesome_notifications] AndroidManifest.xml:34:17-82
136-->[:awesome_notifications] AndroidManifest.xml:34:25-79
137                <action android:name="com.htc.intent.action.QUICKBOOT_POWERON" />
137-->[:awesome_notifications] AndroidManifest.xml:35:17-82
137-->[:awesome_notifications] AndroidManifest.xml:35:25-79
138                <action android:name="android.app.action.SCHEDULE_EXACT_ALARM_PERMISSION_STATE_CHANGED" />
138-->[:awesome_notifications] AndroidManifest.xml:36:17-107
138-->[:awesome_notifications] AndroidManifest.xml:36:25-104
139            </intent-filter>
140        </receiver>
141
142        <service
142-->[:awesome_notifications] AndroidManifest.xml:40:9-43:72
143            android:name="me.carda.awesome_notifications.DartBackgroundService"
143-->[:awesome_notifications] AndroidManifest.xml:41:13-80
144            android:exported="false"
144-->[:awesome_notifications] AndroidManifest.xml:42:13-37
145            android:permission="android.permission.BIND_JOB_SERVICE" />
145-->[:awesome_notifications] AndroidManifest.xml:43:13-69
146        <service
146-->[:awesome_notifications] AndroidManifest.xml:44:9-49:43
147            android:name="me.carda.awesome_notifications.core.services.ForegroundService"
147-->[:awesome_notifications] AndroidManifest.xml:45:13-90
148            android:enabled="true"
148-->[:awesome_notifications] AndroidManifest.xml:46:13-35
149            android:exported="false"
149-->[:awesome_notifications] AndroidManifest.xml:47:13-37
150            android:foregroundServiceType="phoneCall"
150-->[:awesome_notifications] AndroidManifest.xml:48:13-54
151            android:stopWithTask="true" /> <!-- Needs to be explicitly declared on P+ -->
151-->[:awesome_notifications] AndroidManifest.xml:49:13-40
152        <uses-library
152-->[com.google.android.gms:play-services-maps:18.1.0] AndroidManifest.xml:39:9-41:40
153            android:name="org.apache.http.legacy"
153-->[com.google.android.gms:play-services-maps:18.1.0] AndroidManifest.xml:40:13-50
154            android:required="false" />
154-->[com.google.android.gms:play-services-maps:18.1.0] AndroidManifest.xml:41:13-37
155
156        <activity
156-->[com.google.android.gms:play-services-base:18.1.0] AndroidManifest.xml:20:9-22:45
157            android:name="com.google.android.gms.common.api.GoogleApiActivity"
157-->[com.google.android.gms:play-services-base:18.1.0] AndroidManifest.xml:20:19-85
158            android:exported="false"
158-->[com.google.android.gms:play-services-base:18.1.0] AndroidManifest.xml:22:19-43
159            android:theme="@android:style/Theme.Translucent.NoTitleBar" />
159-->[com.google.android.gms:play-services-base:18.1.0] AndroidManifest.xml:21:19-78
160
161        <meta-data
161-->[com.google.android.gms:play-services-basement:18.1.0] AndroidManifest.xml:21:9-23:69
162            android:name="com.google.android.gms.version"
162-->[com.google.android.gms:play-services-basement:18.1.0] AndroidManifest.xml:22:13-58
163            android:value="@integer/google_play_services_version" />
163-->[com.google.android.gms:play-services-basement:18.1.0] AndroidManifest.xml:23:13-66
164
165        <uses-library
165-->[androidx.window:window:1.0.0-beta04] AndroidManifest.xml:25:9-27:40
166            android:name="androidx.window.extensions"
166-->[androidx.window:window:1.0.0-beta04] AndroidManifest.xml:26:13-54
167            android:required="false" />
167-->[androidx.window:window:1.0.0-beta04] AndroidManifest.xml:27:13-37
168        <uses-library
168-->[androidx.window:window:1.0.0-beta04] AndroidManifest.xml:28:9-30:40
169            android:name="androidx.window.sidecar"
169-->[androidx.window:window:1.0.0-beta04] AndroidManifest.xml:29:13-51
170            android:required="false" />
170-->[androidx.window:window:1.0.0-beta04] AndroidManifest.xml:30:13-37
171
172        <provider
172-->[androidx.emoji2:emoji2:1.2.0] AndroidManifest.xml:24:9-32:20
173            android:name="androidx.startup.InitializationProvider"
173-->[androidx.emoji2:emoji2:1.2.0] AndroidManifest.xml:25:13-67
174            android:authorities="com.example.ziklogistics.androidx-startup"
174-->[androidx.emoji2:emoji2:1.2.0] AndroidManifest.xml:26:13-68
175            android:exported="false" >
175-->[androidx.emoji2:emoji2:1.2.0] AndroidManifest.xml:27:13-37
176            <meta-data
176-->[androidx.emoji2:emoji2:1.2.0] AndroidManifest.xml:29:13-31:52
177                android:name="androidx.emoji2.text.EmojiCompatInitializer"
177-->[androidx.emoji2:emoji2:1.2.0] AndroidManifest.xml:30:17-75
178                android:value="androidx.startup" />
178-->[androidx.emoji2:emoji2:1.2.0] AndroidManifest.xml:31:17-49
179            <meta-data
179-->[androidx.lifecycle:lifecycle-process:2.5.1] AndroidManifest.xml:31:13-33:52
180                android:name="androidx.lifecycle.ProcessLifecycleInitializer"
180-->[androidx.lifecycle:lifecycle-process:2.5.1] AndroidManifest.xml:32:17-78
181                android:value="androidx.startup" />
181-->[androidx.lifecycle:lifecycle-process:2.5.1] AndroidManifest.xml:33:17-49
182        </provider>
183    </application>
184
185</manifest>